<?xml version="1.0" encoding="UTF-8"?>
<testsuite xmlns:xsi="http://www.w3.org/2001/XMLSchema-instance" xsi:noNamespaceSchemaLocation="https://maven.apache.org/surefire/maven-surefire-plugin/xsd/surefire-test-report.xsd" name="org.apache.commons.jexl3.Issues100Test" time="0.017" tests="31" errors="0" skipped="0" failures="0">
  <properties>
    <property name="awt.toolkit" value="sun.awt.X11.XToolkit"/>
    <property name="file.encoding.pkg" value="sun.io"/>
    <property name="java.specification.version" value="1.8"/>
    <property name="sun.cpu.isalist" value=""/>
    <property name="sun.jnu.encoding" value="UTF-8"/>
    <property name="java.class.path" value="/home/student.unimelb.edu.au/anhh1/working-space/APR/miner_space/cache/RegressionBug-50/BUGGY/target/test-classes:/home/student.unimelb.edu.au/anhh1/working-space/APR/miner_space/cache/RegressionBug-50/BUGGY/target/classes:/home/student.unimelb.edu.au/anhh1/.m2/repository/commons-logging/commons-logging/1.2/commons-logging-1.2.jar:/home/student.unimelb.edu.au/anhh1/.m2/repository/junit/junit/4.12/junit-4.12.jar:/home/student.unimelb.edu.au/anhh1/.m2/repository/org/hamcrest/hamcrest-core/1.3/hamcrest-core-1.3.jar:"/>
    <property name="java.vm.vendor" value="Private Build"/>
    <property name="sun.arch.data.model" value="64"/>
    <property name="java.vendor.url" value="http://java.oracle.com/"/>
    <property name="user.timezone" value=""/>
    <property name="java.vm.specification.version" value="1.8"/>
    <property name="os.name" value="Linux"/>
    <property name="user.country" value="AU"/>
    <property name="sun.java.launcher" value="SUN_STANDARD"/>
    <property name="sun.boot.library.path" value="/usr/lib/jvm/java-8-openjdk-amd64/jre/lib/amd64"/>
    <property name="sun.java.command" value="/home/student.unimelb.edu.au/anhh1/working-space/APR/miner_space/cache/RegressionBug-50/BUGGY/target/surefire/surefirebooter3490773456790149271.jar /home/student.unimelb.edu.au/anhh1/working-space/APR/miner_space/cache/RegressionBug-50/BUGGY/target/surefire 2024-08-27T20-42-43_758-jvmRun1 surefire4978862825449506551tmp surefire_05254073726272668911tmp"/>
    <property name="surefire.test.class.path" value="/home/student.unimelb.edu.au/anhh1/working-space/APR/miner_space/cache/RegressionBug-50/BUGGY/target/test-classes:/home/student.unimelb.edu.au/anhh1/working-space/APR/miner_space/cache/RegressionBug-50/BUGGY/target/classes:/home/student.unimelb.edu.au/anhh1/.m2/repository/commons-logging/commons-logging/1.2/commons-logging-1.2.jar:/home/student.unimelb.edu.au/anhh1/.m2/repository/junit/junit/4.12/junit-4.12.jar:/home/student.unimelb.edu.au/anhh1/.m2/repository/org/hamcrest/hamcrest-core/1.3/hamcrest-core-1.3.jar:"/>
    <property name="sun.cpu.endian" value="little"/>
    <property name="user.home" value="/home/student.unimelb.edu.au/anhh1"/>
    <property name="user.language" value="en"/>
    <property name="java.specification.vendor" value="Oracle Corporation"/>
    <property name="java.home" value="/usr/lib/jvm/java-8-openjdk-amd64/jre"/>
    <property name="basedir" value="/home/student.unimelb.edu.au/anhh1/working-space/APR/miner_space/cache/RegressionBug-50/BUGGY"/>
    <property name="file.separator" value="/"/>
    <property name="line.separator" value="&#10;"/>
    <property name="java.vm.specification.vendor" value="Oracle Corporation"/>
    <property name="java.specification.name" value="Java Platform API Specification"/>
    <property name="java.awt.graphicsenv" value="sun.awt.X11GraphicsEnvironment"/>
    <property name="surefire.real.class.path" value="/home/student.unimelb.edu.au/anhh1/working-space/APR/miner_space/cache/RegressionBug-50/BUGGY/target/surefire/surefirebooter3490773456790149271.jar"/>
    <property name="sun.boot.class.path" value="/usr/lib/jvm/java-8-openjdk-amd64/jre/lib/resources.jar:/usr/lib/jvm/java-8-openjdk-amd64/jre/lib/rt.jar:/usr/lib/jvm/java-8-openjdk-amd64/jre/lib/sunrsasign.jar:/usr/lib/jvm/java-8-openjdk-amd64/jre/lib/jsse.jar:/usr/lib/jvm/java-8-openjdk-amd64/jre/lib/jce.jar:/usr/lib/jvm/java-8-openjdk-amd64/jre/lib/charsets.jar:/usr/lib/jvm/java-8-openjdk-amd64/jre/lib/jfr.jar:/usr/lib/jvm/java-8-openjdk-amd64/jre/classes"/>
    <property name="sun.management.compiler" value="HotSpot 64-Bit Tiered Compilers"/>
    <property name="java.runtime.version" value="1.8.0_422-8u422-b05-1~20.04-b05"/>
    <property name="user.name" value="anhh1"/>
    <property name="path.separator" value=":"/>
    <property name="os.version" value="5.4.0-192-generic"/>
    <property name="java.endorsed.dirs" value="/usr/lib/jvm/java-8-openjdk-amd64/jre/lib/endorsed"/>
    <property name="java.runtime.name" value="OpenJDK Runtime Environment"/>
    <property name="file.encoding" value="UTF-8"/>
    <property name="java.vm.name" value="OpenJDK 64-Bit Server VM"/>
    <property name="localRepository" value="/home/student.unimelb.edu.au/anhh1/.m2/repository"/>
    <property name="java.vendor.url.bug" value="http://bugreport.sun.com/bugreport/"/>
    <property name="java.io.tmpdir" value="/tmp"/>
    <property name="java.version" value="1.8.0_422"/>
    <property name="user.dir" value="/home/student.unimelb.edu.au/anhh1/working-space/APR/miner_space/cache/RegressionBug-50/BUGGY"/>
    <property name="os.arch" value="amd64"/>
    <property name="java.vm.specification.name" value="Java Virtual Machine Specification"/>
    <property name="java.awt.printerjob" value="sun.print.PSPrinterJob"/>
    <property name="sun.os.patch.level" value="unknown"/>
    <property name="java.library.path" value="/usr/java/packages/lib/amd64:/usr/lib/x86_64-linux-gnu/jni:/lib/x86_64-linux-gnu:/usr/lib/x86_64-linux-gnu:/usr/lib/jni:/lib:/usr/lib"/>
    <property name="java.vm.info" value="mixed mode"/>
    <property name="java.vendor" value="Private Build"/>
    <property name="java.vm.version" value="25.422-b05"/>
    <property name="java.specification.maintenance.version" value="5"/>
    <property name="java.ext.dirs" value="/usr/lib/jvm/java-8-openjdk-amd64/jre/lib/ext:/usr/java/packages/lib/ext"/>
    <property name="sun.io.unicode.encoding" value="UnicodeLittle"/>
    <property name="java.class.version" value="52.0"/>
  </properties>
  <testcase name="test100" classname="org.apache.commons.jexl3.Issues100Test" time="0"/>
  <testcase name="test105" classname="org.apache.commons.jexl3.Issues100Test" time="0"/>
  <testcase name="test106" classname="org.apache.commons.jexl3.Issues100Test" time="0"/>
  <testcase name="test107" classname="org.apache.commons.jexl3.Issues100Test" time="0.002"/>
  <testcase name="test108" classname="org.apache.commons.jexl3.Issues100Test" time="0.001"/>
  <testcase name="test109" classname="org.apache.commons.jexl3.Issues100Test" time="0"/>
  <testcase name="test110" classname="org.apache.commons.jexl3.Issues100Test" time="0"/>
  <testcase name="test111" classname="org.apache.commons.jexl3.Issues100Test" time="0.001"/>
  <testcase name="test112" classname="org.apache.commons.jexl3.Issues100Test" time="0"/>
  <testcase name="test117" classname="org.apache.commons.jexl3.Issues100Test" time="0"/>
  <testcase name="test125" classname="org.apache.commons.jexl3.Issues100Test" time="0.001"/>
  <testcase name="test135" classname="org.apache.commons.jexl3.Issues100Test" time="0"/>
  <testcase name="test136" classname="org.apache.commons.jexl3.Issues100Test" time="0"/>
  <testcase name="test143" classname="org.apache.commons.jexl3.Issues100Test" time="0.001"/>
  <testcase name="test144" classname="org.apache.commons.jexl3.Issues100Test" time="0"/>
  <testcase name="test155" classname="org.apache.commons.jexl3.Issues100Test" time="0"/>
  <testcase name="test179" classname="org.apache.commons.jexl3.Issues100Test" time="0"/>
  <testcase name="test192" classname="org.apache.commons.jexl3.Issues100Test" time="0.001"/>
  <testcase name="test199" classname="org.apache.commons.jexl3.Issues100Test" time="0"/>
  <testcase name="test5115a" classname="org.apache.commons.jexl3.Issues100Test" time="0"/>
  <testcase name="test5115b" classname="org.apache.commons.jexl3.Issues100Test" time="0"/>
  <testcase name="test5115c" classname="org.apache.commons.jexl3.Issues100Test" time="0.001"/>
  <testcase name="test130a" classname="org.apache.commons.jexl3.Issues100Test" time="0"/>
  <testcase name="test130b" classname="org.apache.commons.jexl3.Issues100Test" time="0"/>
  <testcase name="test144a" classname="org.apache.commons.jexl3.Issues100Test" time="0.001"/>
  <testcase name="test147b" classname="org.apache.commons.jexl3.Issues100Test" time="0.003"/>
  <testcase name="test147c" classname="org.apache.commons.jexl3.Issues100Test" time="0.001"/>
  <testcase name="test148a" classname="org.apache.commons.jexl3.Issues100Test" time="0.001"/>
  <testcase name="testQuestion42" classname="org.apache.commons.jexl3.Issues100Test" time="0.001"/>
  <testcase name="testScaleIssue" classname="org.apache.commons.jexl3.Issues100Test" time="0.001"/>
  <testcase name="testRichContext" classname="org.apache.commons.jexl3.Issues100Test" time="0"/>
</testsuite>